<?xml version="1.0" encoding="UTF-8"?>
<!-- Generated by org.testng.reporters.JUnitReportReporter -->
<testsuite hostname="BSS-SBOJEDLA" failures="0" tests="3" name="com.miles.tellworks.testcases.ReturnsTest" time="36.510" errors="0" timestamp="2022-06-07T21:58:55 IST" skipped="0">
  <testcase classname="com.miles.tellworks.testcases.ReturnsTest" name="RequestworkflowMaintenanceTest" time="10.647"/>
  <system-out/>
  <testcase classname="com.miles.tellworks.testcases.ReturnsTest" name="RequestUserApproverTest" time="12.180"/>
  <system-out/>
  <testcase classname="com.miles.tellworks.testcases.ReturnsTest" name="RequestOverviewTest" time="13.683"/>
  <system-out/>
</testsuite> <!-- com.miles.tellworks.testcases.ReturnsTest -->
