<?xml version="1.0" encoding="UTF-8"?>
<!-- Generated by org.testng.reporters.JUnitReportReporter -->
<testsuite hostname="BSS-SBOJEDLA" failures="0" tests="1" name="tellWorksLogin.AdminTest" time="17.642" errors="0" timestamp="2022-04-24T13:38:21 IST" skipped="0">
  <testcase classname="tellWorksLogin.AdminTest" name="userAdministratationTest" time="17.642"/>
  <system-out/>
</testsuite> <!-- tellWorksLogin.AdminTest -->
