<?xml version="1.0" encoding="UTF-8"?>
<!-- Generated by org.testng.reporters.JUnitReportReporter -->
<testsuite hostname="BSS-SBOJEDLA" failures="0" tests="1" name="com.miles.tellworks.testcases.SupportTest" time="48.460" errors="0" timestamp="2022-06-07T22:15:33 IST" skipped="0">
  <testcase classname="com.miles.tellworks.testcases.SupportTest" name="SupportMinMaxTest" time="48.460"/>
  <system-out/>
</testsuite> <!-- com.miles.tellworks.testcases.SupportTest -->
