<?xml version="1.0" encoding="UTF-8"?>
<!-- Generated by org.testng.reporters.JUnitReportReporter -->
<testsuite hostname="BSS-SBOJEDLA" failures="0" tests="8" name="com.miles.tellworks.testcases.InventoryTest" time="280.488" errors="0" timestamp="2022-06-07T21:58:55 IST" skipped="0">
  <testcase classname="com.miles.tellworks.testcases.InventoryTest" name="onHandSummaryTest" time="78.964"/>
  <system-out/>
  <testcase classname="com.miles.tellworks.testcases.InventoryTest" name="partMasterTest" time="20.993"/>
  <system-out/>
  <testcase classname="com.miles.tellworks.testcases.InventoryTest" name="shippedTest" time="45.751"/>
  <system-out/>
  <testcase classname="com.miles.tellworks.testcases.InventoryTest" name="minmaxTest" time="6.527"/>
  <system-out/>
  <testcase classname="com.miles.tellworks.testcases.InventoryTest" name="stagedInventoryDetailsTest" time="28.590"/>
  <system-out/>
  <testcase classname="com.miles.tellworks.testcases.InventoryTest" name="receivedTest" time="65.450"/>
  <system-out/>
  <testcase classname="com.miles.tellworks.testcases.InventoryTest" name="stagedTest" time="25.759"/>
  <system-out/>
  <testcase classname="com.miles.tellworks.testcases.InventoryTest" name="cycleManagementTest" time="8.454"/>
  <system-out/>
</testsuite> <!-- com.miles.tellworks.testcases.InventoryTest -->
