<?xml version="1.0" encoding="UTF-8"?>
<!-- Generated by org.testng.reporters.JUnitReportReporter -->
<testsuite hostname="BSS-SBOJEDLA" failures="0" tests="11" name="com.miles.tellworks.testcases.DeploymentsTest" time="341.387" errors="0" timestamp="2022-06-07T21:58:55 IST" skipped="0">
  <testcase classname="com.miles.tellworks.testcases.DeploymentsTest" name="dOPDTest" time="43.954"/>
  <system-out/>
  <testcase classname="com.miles.tellworks.testcases.DeploymentsTest" name="dSRDSTest" time="19.451"/>
  <system-out/>
  <testcase classname="com.miles.tellworks.testcases.DeploymentsTest" name="oVSdTest" time="24.014"/>
  <system-out/>
  <testcase classname="com.miles.tellworks.testcases.DeploymentsTest" name="deploymentsDKRRListTest" time="12.775"/>
  <system-out/>
  <testcase classname="com.miles.tellworks.testcases.DeploymentsTest" name="deploymentsEmailNotificationSetupTest" time="3.907"/>
  <system-out/>
  <testcase classname="com.miles.tellworks.testcases.DeploymentsTest" name="siteTest" time="15.416"/>
  <system-out/>
  <testcase classname="com.miles.tellworks.testcases.DeploymentsTest" name="bomTest" time="26.434"/>
  <system-out/>
  <testcase classname="com.miles.tellworks.testcases.DeploymentsTest" name="warehouseTest" time="11.850"/>
  <system-out/>
  <testcase classname="com.miles.tellworks.testcases.DeploymentsTest" name="capxTest" time="115.313"/>
  <system-out/>
  <testcase classname="com.miles.tellworks.testcases.DeploymentsTest" name="psmTest" time="38.167"/>
  <system-out/>
  <testcase classname="com.miles.tellworks.testcases.DeploymentsTest" name="bomSSTest" time="30.106"/>
  <system-out/>
</testsuite> <!-- com.miles.tellworks.testcases.DeploymentsTest -->
