<?xml version="1.0" encoding="UTF-8"?>
<!-- Generated by org.testng.reporters.JUnitReportReporter -->
<testsuite hostname="BSS-SBOJEDLA" failures="0" tests="1" name="tellWorksLogin.LoginToTellworks" time="15.403" errors="0" timestamp="2022-04-24T13:07:42 IST" skipped="0">
  <testcase classname="tellWorksLogin.LoginToTellworks" name="LoginTellworksPage" time="15.403"/>
  <system-out/>
</testsuite> <!-- tellWorksLogin.LoginToTellworks -->
