<?xml version="1.0" encoding="UTF-8"?>
<!-- Generated by org.testng.reporters.JUnitReportReporter -->
<testsuite hostname="BSS-SBOJEDLA" failures="0" tests="1" name="com.miles.tellworks.testcases.DigitalLayerTest" time="26.294" errors="0" timestamp="2022-06-07T21:58:55 IST" skipped="0">
  <testcase classname="com.miles.tellworks.testcases.DigitalLayerTest" name="DigitalLayerCorrectionsTest" time="26.294"/>
  <system-out/>
</testsuite> <!-- com.miles.tellworks.testcases.DigitalLayerTest -->
