<?xml version="1.0" encoding="UTF-8"?>
<!-- Generated by org.testng.reporters.JUnitReportReporter -->
<testsuite hostname="BSS-SBOJEDLA" failures="0" tests="2" name="com.miles.tellworks.testcases.OperationsTest" time="35.776" errors="0" timestamp="2022-06-07T21:58:55 IST" skipped="0">
  <testcase classname="com.miles.tellworks.testcases.OperationsTest" name="opexInventoryTest" time="26.075"/>
  <system-out/>
  <testcase classname="com.miles.tellworks.testcases.OperationsTest" name="pickOpexInventoryTest" time="9.701"/>
  <system-out/>
</testsuite> <!-- com.miles.tellworks.testcases.OperationsTest -->
