<?xml version="1.0" encoding="UTF-8"?>
<!-- Generated by org.testng.reporters.JUnitReportReporter -->
<testsuite hostname="BSS-SBOJEDLA" failures="0" tests="5" name="com.miles.tellworks.testcases.MaintenanceTest" time="41.897" errors="0" timestamp="2022-06-07T21:58:55 IST" skipped="0">
  <testcase classname="com.miles.tellworks.testcases.MaintenanceTest" name="maintenanceLocationTest" time="3.771"/>
  <system-out/>
  <testcase classname="com.miles.tellworks.testcases.MaintenanceTest" name="maintenanceZoneTest" time="3.037"/>
  <system-out/>
  <testcase classname="com.miles.tellworks.testcases.MaintenanceTest" name="SupplierMaintenanceTest" time="3.558"/>
  <system-out/>
  <testcase classname="com.miles.tellworks.testcases.MaintenanceTest" name="PartMaintenanceTest" time="29.174"/>
  <system-out/>
  <testcase classname="com.miles.tellworks.testcases.MaintenanceTest" name="maintenanceWarehouseTest" time="2.357"/>
  <system-out/>
</testsuite> <!-- com.miles.tellworks.testcases.MaintenanceTest -->
