<?xml version="1.0" encoding="UTF-8"?>
<!-- Generated by org.testng.reporters.JUnitReportReporter -->
<testsuite hostname="BSS-SBOJEDLA" failures="0" tests="16" name="com.miles.tellworks.testcases.AdminTest" time="121.803" errors="0" timestamp="2022-06-07T21:58:55 IST" skipped="0">
  <testcase classname="com.miles.tellworks.testcases.AdminTest" name="controlTableAreasTest" time="2.437"/>
  <system-out/>
  <testcase classname="com.miles.tellworks.testcases.AdminTest" name="adminWarehouseZonesTest" time="3.256"/>
  <system-out/>
  <testcase classname="com.miles.tellworks.testcases.AdminTest" name="adminWarehouseTest" time="2.450"/>
  <system-out/>
  <testcase classname="com.miles.tellworks.testcases.AdminTest" name="adminSerialManagementTest" time="2.691"/>
  <system-out/>
  <testcase classname="com.miles.tellworks.testcases.AdminTest" name="adminWarehouseLocationTest" time="3.842"/>
  <system-out/>
  <testcase classname="com.miles.tellworks.testcases.AdminTest" name="adminAdjustmentReasonCodesTest" time="7.517"/>
  <system-out/>
  <testcase classname="com.miles.tellworks.testcases.AdminTest" name="controlTableMarketTest" time="2.418"/>
  <system-out/>
  <testcase classname="com.miles.tellworks.testcases.AdminTest" name="userAuditTest" time="2.897"/>
  <system-out/>
  <testcase classname="com.miles.tellworks.testcases.AdminTest" name="userAdministratationTest" time="17.979"/>
  <system-out/>
  <testcase classname="com.miles.tellworks.testcases.AdminTest" name="controlTableProjectTest" time="2.300"/>
  <system-out/>
  <testcase classname="com.miles.tellworks.testcases.AdminTest" name="regionAreaMarketTest" time="4.845"/>
  <system-out/>
  <testcase classname="com.miles.tellworks.testcases.AdminTest" name="marketProjectTest" time="4.664"/>
  <system-out/>
  <testcase classname="com.miles.tellworks.testcases.AdminTest" name="partMaintenanceTest" time="37.104"/>
  <system-out/>
  <testcase classname="com.miles.tellworks.testcases.AdminTest" name="adminReasonCodesTest" time="6.240"/>
  <system-out/>
  <testcase classname="com.miles.tellworks.testcases.AdminTest" name="controlTableRegionsTest" time="2.398"/>
  <system-out/>
  <testcase classname="com.miles.tellworks.testcases.AdminTest" name="partMasterTest" time="18.765"/>
  <system-out/>
</testsuite> <!-- com.miles.tellworks.testcases.AdminTest -->
