<?xml version="1.0" encoding="UTF-8"?>
<!-- Generated by org.testng.reporters.JUnitReportReporter -->
<testsuite hostname="BSS-SBOJEDLA" failures="0" tests="4" name="com.miles.tellworks.testcases.ReceivingTest" time="28.581" errors="0" timestamp="2022-06-07T21:58:55 IST" skipped="0">
  <testcase classname="com.miles.tellworks.testcases.ReceivingTest" name="receivingManagementTest" time="5.693"/>
  <system-out/>
  <testcase classname="com.miles.tellworks.testcases.ReceivingTest" name="receivingASNApprovalsTest" time="7.945"/>
  <system-out/>
  <testcase classname="com.miles.tellworks.testcases.ReceivingTest" name="receivingReversalsTest" time="6.568"/>
  <system-out/>
  <testcase classname="com.miles.tellworks.testcases.ReceivingTest" name="receivingASNManagementTest" time="8.375"/>
  <system-out/>
</testsuite> <!-- com.miles.tellworks.testcases.ReceivingTest -->
